<?xml version="1.0" encoding="UTF-8"?>
<testng-results ignored="0" total="1" passed="1" failed="0" skipped="0">
  <reporter-output>
  </reporter-output>
  <suite started-at="2021-08-05T13:49:05 AEST" name="EasyWeddingV1" finished-at="2021-08-05T13:49:26 AEST" duration-ms="21054">
    <groups>
    </groups>
    <test started-at="2021-08-05T13:49:05 AEST" name="CHROME" finished-at="2021-08-05T13:49:26 AEST" duration-ms="21054">
      <class name="testcases.Tc_Signin_001">
        <test-method is-config="true" signature="setup(java.lang.String)[pri:0, instance:testcases.Tc_Signin_001@7642df8f]" started-at="2021-08-05T13:49:05 AEST" name="setup" finished-at="2021-08-05T13:49:12 AEST" duration-ms="7918" status="PASS">
          <params>
            <param index="0">
              <value>
                <![CDATA[chrome]]>
              </value>
            </param>
          </params>
          <reporter-output>
          </reporter-output>
        </test-method> <!-- setup -->
        <test-method signature="signin()[pri:0, instance:testcases.Tc_Signin_001@7642df8f]" started-at="2021-08-05T13:49:12 AEST" name="signin" finished-at="2021-08-05T13:49:25 AEST" duration-ms="12975" status="PASS">
          <reporter-output>
          </reporter-output>
        </test-method> <!-- signin -->
        <test-method is-config="true" signature="tearDown()[pri:0, instance:testcases.Tc_Signin_001@7642df8f]" started-at="2021-08-05T13:49:25 AEST" name="tearDown" finished-at="2021-08-05T13:49:26 AEST" duration-ms="136" status="PASS">
          <reporter-output>
          </reporter-output>
        </test-method> <!-- tearDown -->
      </class> <!-- testcases.Tc_Signin_001 -->
    </test> <!-- CHROME -->
  </suite> <!-- EasyWeddingV1 -->
</testng-results>
